[2021-05-13 23:54:13] app.ERROR: Data from PrestaShop Addons is invalid, and cannot fallback on cache.  {"exception":"cURL error 28: Operation timed out after 5001 milliseconds with 759642 bytes received"} []
[2021-05-13 23:54:13] app.INFO: Protect vendor folder in module contactform [] []
[2021-05-13 23:54:13] app.INFO: Module contactform has no vendor folder [] []
[2021-05-13 23:54:13] app.INFO: Protect vendor folder in module dashactivity [] []
[2021-05-13 23:54:13] app.INFO: Module dashactivity has no vendor folder [] []
[2021-05-13 23:54:14] app.INFO: Protect vendor folder in module dashgoals [] []
[2021-05-13 23:54:14] app.INFO: Module dashgoals has no vendor folder [] []
[2021-05-13 23:54:14] app.INFO: Protect vendor folder in module dashproducts [] []
[2021-05-13 23:54:14] app.INFO: Module dashproducts has no vendor folder [] []
[2021-05-13 23:54:14] app.INFO: Protect vendor folder in module dashtrends [] []
[2021-05-13 23:54:14] app.INFO: Module dashtrends has no vendor folder [] []
[2021-05-13 23:54:14] app.INFO: Protect vendor folder in module graphnvd3 [] []
[2021-05-13 23:54:14] app.INFO: Module graphnvd3 has no vendor folder [] []
[2021-05-13 23:54:14] app.INFO: Protect vendor folder in module gridhtml [] []
[2021-05-13 23:54:14] app.INFO: Module gridhtml has no vendor folder [] []
[2021-05-13 23:54:14] app.INFO: Protect vendor folder in module gsitemap [] []
[2021-05-13 23:54:14] app.INFO: Module gsitemap has no vendor folder [] []
[2021-05-13 23:54:14] app.INFO: Protect vendor folder in module pagesnotfound [] []
[2021-05-13 23:54:14] app.INFO: Module pagesnotfound has no vendor folder [] []
[2021-05-13 23:54:15] app.INFO: Protect vendor folder in module productcomments [] []
[2021-05-13 23:54:15] app.INFO: Module productcomments has no vendor folder [] []
[2021-05-13 23:54:15] app.INFO: Protect vendor folder in module ps_banner [] []
[2021-05-13 23:54:15] app.INFO: Module ps_banner has no vendor folder [] []
[2021-05-13 23:54:15] app.INFO: Protect vendor folder in module ps_categorytree [] []
[2021-05-13 23:54:15] app.INFO: Module ps_categorytree has no vendor folder [] []
[2021-05-13 23:54:15] app.INFO: Protect vendor folder in module ps_checkpayment [] []
[2021-05-13 23:54:15] app.INFO: Module ps_checkpayment has no vendor folder [] []
[2021-05-13 23:54:15] app.INFO: Protect vendor folder in module ps_contactinfo [] []
[2021-05-13 23:54:15] app.INFO: Module ps_contactinfo has no vendor folder [] []
[2021-05-13 23:54:15] app.INFO: Protect vendor folder in module ps_crossselling [] []
[2021-05-13 23:54:15] app.INFO: Module ps_crossselling has no vendor folder [] []
[2021-05-13 23:54:15] app.INFO: Protect vendor folder in module ps_currencyselector [] []
[2021-05-13 23:54:15] app.INFO: Module ps_currencyselector has no vendor folder [] []
[2021-05-13 23:54:15] app.INFO: Protect vendor folder in module ps_customeraccountlinks [] []
[2021-05-13 23:54:15] app.INFO: Module ps_customeraccountlinks has no vendor folder [] []
[2021-05-13 23:54:15] app.INFO: Protect vendor folder in module ps_customersignin [] []
[2021-05-13 23:54:15] app.INFO: Module ps_customersignin has no vendor folder [] []
[2021-05-13 23:54:15] app.INFO: Protect vendor folder in module ps_customtext [] []
[2021-05-13 23:54:15] app.INFO: Module ps_customtext has no vendor folder [] []
[2021-05-13 23:54:15] app.INFO: Protect vendor folder in module ps_dataprivacy [] []
[2021-05-13 23:54:15] app.INFO: Module ps_dataprivacy has no vendor folder [] []
[2021-05-13 23:54:16] app.INFO: Protect vendor folder in module ps_emailsubscription [] []
[2021-05-13 23:54:16] app.INFO: Module ps_emailsubscription has no vendor folder [] []
[2021-05-13 23:54:16] app.INFO: Protect vendor folder in module ps_facetedsearch [] []
[2021-05-13 23:54:16] app.INFO: Module ps_facetedsearch has no vendor folder [] []
[2021-05-13 23:54:17] app.INFO: Protect vendor folder in module ps_faviconnotificationbo [] []
[2021-05-13 23:54:17] app.INFO: Module ps_faviconnotificationbo has no vendor folder [] []
[2021-05-13 23:54:17] app.INFO: Protect vendor folder in module ps_featuredproducts [] []
[2021-05-13 23:54:17] app.INFO: Module ps_featuredproducts has no vendor folder [] []
[2021-05-13 23:54:17] app.INFO: Protect vendor folder in module ps_imageslider [] []
[2021-05-13 23:54:17] app.INFO: Module ps_imageslider has no vendor folder [] []
[2021-05-13 23:54:17] app.INFO: Protect vendor folder in module ps_languageselector [] []
[2021-05-13 23:54:17] app.INFO: Module ps_languageselector has no vendor folder [] []
[2021-05-13 23:54:17] app.INFO: Protect vendor folder in module ps_linklist [] []
[2021-05-13 23:54:17] app.INFO: Module ps_linklist has no vendor folder [] []
[2021-05-13 23:54:17] app.ERROR: Cannot register tab "AdminLinkWidget" because it already exists [] []
[2021-05-13 23:54:18] app.INFO: Protect vendor folder in module ps_mainmenu [] []
[2021-05-13 23:54:18] app.INFO: Module ps_mainmenu has no vendor folder [] []
[2021-05-13 23:54:18] app.INFO: Protect vendor folder in module ps_searchbar [] []
[2021-05-13 23:54:18] app.INFO: Module ps_searchbar has no vendor folder [] []
[2021-05-13 23:54:18] app.INFO: Protect vendor folder in module ps_sharebuttons [] []
[2021-05-13 23:54:18] app.INFO: Module ps_sharebuttons has no vendor folder [] []
[2021-05-13 23:54:18] app.INFO: Protect vendor folder in module ps_shoppingcart [] []
[2021-05-13 23:54:18] app.INFO: Module ps_shoppingcart has no vendor folder [] []
[2021-05-13 23:54:18] app.INFO: Protect vendor folder in module ps_socialfollow [] []
[2021-05-13 23:54:18] app.INFO: Module ps_socialfollow has no vendor folder [] []
[2021-05-13 23:54:18] app.INFO: Protect vendor folder in module ps_themecusto [] []
[2021-05-13 23:54:18] app.INFO: Module ps_themecusto has no vendor folder [] []
[2021-05-13 23:54:18] app.INFO: Protect vendor folder in module ps_wirepayment [] []
[2021-05-13 23:54:18] app.INFO: Module ps_wirepayment has no vendor folder [] []
[2021-05-13 23:54:18] app.INFO: Protect vendor folder in module sekeywords [] []
[2021-05-13 23:54:18] app.INFO: Module sekeywords has no vendor folder [] []
[2021-05-13 23:54:18] app.INFO: Protect vendor folder in module statsbestcategories [] []
[2021-05-13 23:54:18] app.INFO: Module statsbestcategories has no vendor folder [] []
[2021-05-13 23:54:18] app.INFO: Protect vendor folder in module statsbestcustomers [] []
[2021-05-13 23:54:18] app.INFO: Module statsbestcustomers has no vendor folder [] []
[2021-05-13 23:54:18] app.INFO: Protect vendor folder in module statsbestproducts [] []
[2021-05-13 23:54:18] app.INFO: Module statsbestproducts has no vendor folder [] []
[2021-05-13 23:54:18] app.INFO: Protect vendor folder in module statsbestsuppliers [] []
[2021-05-13 23:54:18] app.INFO: Module statsbestsuppliers has no vendor folder [] []
[2021-05-13 23:54:18] app.INFO: Protect vendor folder in module statsbestvouchers [] []
[2021-05-13 23:54:18] app.INFO: Module statsbestvouchers has no vendor folder [] []
[2021-05-13 23:54:18] app.INFO: Protect vendor folder in module statscarrier [] []
[2021-05-13 23:54:18] app.INFO: Module statscarrier has no vendor folder [] []
[2021-05-13 23:54:18] app.INFO: Protect vendor folder in module statscatalog [] []
[2021-05-13 23:54:18] app.INFO: Module statscatalog has no vendor folder [] []
[2021-05-13 23:54:19] app.INFO: Protect vendor folder in module statscheckup [] []
[2021-05-13 23:54:19] app.INFO: Module statscheckup has no vendor folder [] []
[2021-05-13 23:54:19] app.INFO: Protect vendor folder in module statsdata [] []
[2021-05-13 23:54:19] app.INFO: Module statsdata has no vendor folder [] []
[2021-05-13 23:54:19] app.INFO: Protect vendor folder in module statsequipment [] []
[2021-05-13 23:54:19] app.INFO: Module statsequipment has no vendor folder [] []
[2021-05-13 23:54:19] app.INFO: Protect vendor folder in module statsforecast [] []
[2021-05-13 23:54:19] app.INFO: Module statsforecast has no vendor folder [] []
[2021-05-13 23:54:19] app.INFO: Protect vendor folder in module statslive [] []
[2021-05-13 23:54:19] app.INFO: Module statslive has no vendor folder [] []
[2021-05-13 23:54:19] app.INFO: Protect vendor folder in module statsnewsletter [] []
[2021-05-13 23:54:19] app.INFO: Module statsnewsletter has no vendor folder [] []
[2021-05-13 23:54:19] app.INFO: Protect vendor folder in module statsorigin [] []
[2021-05-13 23:54:19] app.INFO: Module statsorigin has no vendor folder [] []
[2021-05-13 23:54:19] app.INFO: Protect vendor folder in module statspersonalinfos [] []
[2021-05-13 23:54:19] app.INFO: Module statspersonalinfos has no vendor folder [] []
[2021-05-13 23:54:19] app.INFO: Protect vendor folder in module statsproduct [] []
[2021-05-13 23:54:19] app.INFO: Module statsproduct has no vendor folder [] []
[2021-05-13 23:54:19] app.INFO: Protect vendor folder in module statsregistrations [] []
[2021-05-13 23:54:19] app.INFO: Module statsregistrations has no vendor folder [] []
[2021-05-13 23:54:19] app.INFO: Protect vendor folder in module statssales [] []
[2021-05-13 23:54:19] app.INFO: Module statssales has no vendor folder [] []
[2021-05-13 23:54:19] app.INFO: Protect vendor folder in module statssearch [] []
[2021-05-13 23:54:19] app.INFO: Module statssearch has no vendor folder [] []
[2021-05-13 23:54:19] app.INFO: Protect vendor folder in module statsstock [] []
[2021-05-13 23:54:19] app.INFO: Module statsstock has no vendor folder [] []
[2021-05-13 23:54:19] app.INFO: Protect vendor folder in module statsvisits [] []
[2021-05-13 23:54:19] app.INFO: Module statsvisits has no vendor folder [] []
[2021-05-13 23:54:19] app.INFO: Protect vendor folder in module welcome [] []
[2021-05-13 23:54:19] app.INFO: Module welcome has no vendor folder [] []
[2021-05-13 23:54:21] app.INFO: Exporting mail with theme modern for language Español (Spanish) [] []
[2021-05-13 23:54:21] app.INFO: Core output folder: /var/www/html/mails [] []
[2021-05-13 23:54:21] app.INFO: Modules output folder: /var/www/html/modules/ [] []
[2021-05-13 23:57:54] app.ERROR: Data from PrestaShop Addons is invalid, and cannot fallback on cache.  {"exception":"cURL error 28: Operation timed out after 5000 milliseconds with 580884 bytes received"} []
[2021-05-13 23:57:55] app.INFO: Protect vendor folder in module gamification [] []
[2021-05-13 23:57:55] app.INFO: Protect vendor folder in module emarketing [] []
[2021-05-13 23:57:55] app.INFO: Protect vendor folder in module psaddonsconnect [] []
[2021-05-13 23:57:55] app.INFO: Protect vendor folder in module psgdpr [] []
[2021-05-13 23:57:55] app.INFO: Protect vendor folder in module ps_mbo [] []
[2021-05-13 23:57:55] app.INFO: Protect vendor folder in module ps_buybuttonlite [] []
[2021-05-13 23:58:07] app.INFO: Protect vendor folder in module ps_accounts [] []
[2021-05-13 23:58:07] app.INFO: Module ps_accounts has no vendor folder [] []
[2021-05-13 23:58:07] app.INFO: Protect vendor folder in module ps_metrics [] []
[2021-05-14 00:48:28] request.INFO: Matched route "admin_module_manage_action". {"route":"admin_module_manage_action","route_parameters":{"_controller":"PrestaShopBundle\\Controller\\Admin\\Improve\\ModuleController::moduleAction","action":"disable","module_name":"statsnewsletter","_route":"admin_module_manage_action"},"request_uri":"http://localhost:8080/administrador_cristobal/index.php/improve/modules/manage/action/disable/statsnewsletter?_token=nvjNoAUywbRLNqHQU6mASNWpmXZj85QpkxxOM1eKHPQ","method":"POST"} []
[2021-05-14 00:48:28] security.DEBUG: Read existing security token from the session. {"key":"_security_main","token_class":"Symfony\\Component\\Security\\Core\\Authentication\\Token\\UsernamePasswordToken"} []
[2021-05-14 00:48:28] security.DEBUG: User was reloaded from a user provider. {"provider":"PrestaShopBundle\\Security\\Admin\\EmployeeProvider","username":"cristobal@demo.cl"} []
[2021-05-14 00:48:33] app.ERROR: Data from PrestaShop Addons is invalid, and cannot fallback on cache.  {"exception":"cURL error 28: Operation timed out after 5000 milliseconds with 728340 bytes received"} []
[2021-05-14 00:48:33] security.DEBUG: Stored the security token in the session. {"key":"_security_main"} []
[2021-05-14 00:50:54] request.INFO: Matched route "admin_module_configure_action". {"route":"admin_module_configure_action","route_parameters":{"_controller":"PrestaShopBundle\\Controller\\Admin\\Improve\\ModuleController::configureModuleAction","_legacy_controller":"AdminModules","module_name":"contactform","_route":"admin_module_configure_action"},"request_uri":"http://localhost:8080/administrador_cristobal/index.php/improve/modules/manage/action/configure/contactform?_token=nvjNoAUywbRLNqHQU6mASNWpmXZj85QpkxxOM1eKHPQ","method":"GET"} []
[2021-05-14 00:50:54] security.DEBUG: Read existing security token from the session. {"key":"_security_main","token_class":"Symfony\\Component\\Security\\Core\\Authentication\\Token\\UsernamePasswordToken"} []
[2021-05-14 00:50:54] security.DEBUG: User was reloaded from a user provider. {"provider":"PrestaShopBundle\\Security\\Admin\\EmployeeProvider","username":"cristobal@demo.cl"} []
[2021-05-14 00:50:59] app.ERROR: Data from PrestaShop Addons is invalid, and cannot fallback on cache.  {"exception":"cURL error 28: Operation timed out after 5000 milliseconds with 808794 bytes received"} []
[2021-05-14 00:50:59] security.DEBUG: Stored the security token in the session. {"key":"_security_main"} []
[2021-05-14 00:51:08] request.INFO: Matched route "admin_module_manage". {"route":"admin_module_manage","route_parameters":{"category":null,"keyword":null,"_controller":"PrestaShopBundle\\Controller\\Admin\\Improve\\ModuleController::manageAction","_legacy_controller":"AdminModulesManage","_legacy_link":["AdminModulesManage","AdminModulesSf"],"_route":"admin_module_manage"},"request_uri":"http://localhost:8080/administrador_cristobal/index.php/improve/modules/manage?_token=nvjNoAUywbRLNqHQU6mASNWpmXZj85QpkxxOM1eKHPQ","method":"GET"} []
[2021-05-14 00:51:08] security.DEBUG: Read existing security token from the session. {"key":"_security_main","token_class":"Symfony\\Component\\Security\\Core\\Authentication\\Token\\UsernamePasswordToken"} []
[2021-05-14 00:51:08] security.DEBUG: User was reloaded from a user provider. {"provider":"PrestaShopBundle\\Security\\Admin\\EmployeeProvider","username":"cristobal@demo.cl"} []
[2021-05-14 00:51:13] app.ERROR: Data from PrestaShop Addons is invalid, and cannot fallback on cache.  {"exception":"cURL error 28: Operation timed out after 5000 milliseconds with 255564 bytes received"} []
[2021-05-14 00:51:13] security.DEBUG: Stored the security token in the session. {"key":"_security_main"} []
[2021-05-14 01:06:16] request.INFO: Matched route "admin_module_configure_action". {"route":"admin_module_configure_action","route_parameters":{"_controller":"PrestaShopBundle\\Controller\\Admin\\Improve\\ModuleController::configureModuleAction","_legacy_controller":"AdminModules","module_name":"contactform","_route":"admin_module_configure_action"},"request_uri":"http://localhost:8080/administrador_cristobal/index.php/improve/modules/manage/action/configure/contactform?_token=nvjNoAUywbRLNqHQU6mASNWpmXZj85QpkxxOM1eKHPQ","method":"GET"} []
[2021-05-14 01:06:16] security.DEBUG: Read existing security token from the session. {"key":"_security_main","token_class":"Symfony\\Component\\Security\\Core\\Authentication\\Token\\UsernamePasswordToken"} []
[2021-05-14 01:06:16] security.DEBUG: User was reloaded from a user provider. {"provider":"PrestaShopBundle\\Security\\Admin\\EmployeeProvider","username":"cristobal@demo.cl"} []
[2021-05-14 01:06:21] app.ERROR: Data from PrestaShop Addons is invalid, and cannot fallback on cache.  {"exception":"cURL error 28: Operation timed out after 5000 milliseconds with 58509 bytes received"} []
[2021-05-14 01:06:21] security.DEBUG: Stored the security token in the session. {"key":"_security_main"} []
